ter-update-check
csh-de
csh-nl
lz-table
sr-static-info
dropdown-sitemap
doc-tut-templselect2
m1-google-analytics
csh-fr
moneylib
dynaflex
th-exttableservice
mw-shell
cc-debug
dam-info
doc-tut-quickstart-de
wec-flashplayer
gst-awstatsenhancer
gsi-wizard-crform
tstemplate
csh-ru
taskcenter-recent
bvd-set-page-title
pdf-generator2-fonts
skin1
iframeflexform
rte-chooser
enet-dam-ext
listtabledirectly
conf-userts
kb-unpack
sr-language-detect
static-info-tables-uksorting
csh-dk
cc-metaexif
cms-plaintext-import
welcome
swg-tca-ext-10mb
cc-txtextexec
tstemplate-analyzer
tpg-iepngfix
csh-it
doc-core-tstemplates
tstemplate-info
imagelist
csh-jp
ast-rteproducts
stfl-ptg
xajax-tutor
wmdb-contentwizard
rtehtmlarea-api-manual
classic-welcome
dh-loginredir
csh-pl
smile-workflowdoc
cb-indexedsearch-autocomplete
asfk-uploadsize
onet-ttproducts-rte
cc-feinfo
cc-beinfo
doc-core-tsbyex
quickhelp
kb-tv-clipboard
odp-grabber
asfk-shadowborder
nf-date2datetime
csh-es
php-acceleration
as-printlink
kb-tsconfig-cond
csh-cz
tstidy
csh-ch
wec-flashpresentation
csh-ar
cc-setsearch
mw-macmenu
stfl-redirlogout
csh-kr
mytemplate1
cc-langguess
mh-ommarker
af-bepwd
kb-allcolors
kb-mailcs
security-check
fl-ebayinfo
doc-dropdownsmap-fr
setpagetype
csh-tr
stfl-replacer
csh-hu
t38-addicons
cron-setdefaultauthor
onet-correctform
mv-googleadsense
csh-se
p2-sv-spellcheck
doc-tut-quickstart-fr
kb-betterstdwrap
p2-menudom
sr-readmail-analyse
csh-gr
cron-feuserscase
csh-hk
p2-limittolangfix
fl-ffsearchfield
doc-loginboxmacmade-fr
doc-slideshow-fr
rtehtmlarea-manual
doc-core-compclient
doc-typo3org
csh-si
imagecomment
csh-bg
setoldpluginlist
asfk-patchbesettings
cc-tsquicklink
csh-ro
csh-hr
nc-pbsurveyfesimplestats
doc-v4-workspace
csh-no
csh-fi
doc-femp3player-fr
formidabledatetime
doc-cssselect-fr
csh-th
do-not-temp-cache
doc-flashpagehead-fr
c3bi-cookie-at-login
sici-tmplonfs
formidable-va-preg
doc-tut-quickstart-dk
cr-awstat-realurl
cron-latin1cleaner
csh-ba
csh-he
csh-lt
doc-core-compserv
csh-is
masi-utf8fe36
masi-csconv
doc-flvplayer-fr
salutationswitcher
csh-gl
doc-macosxclient
csh-lv
csh-et
csh-sk
bedownload
golfstroke-calc
doc-tut-editor-es
doc-dbsync-fr
doc-hypernav-fr
kj-loginimages
doc-formbuilder-fr
adaltas-doktype
forcerealurls
dmc-highperformance
mv-doc-photographic-library-fr
csh-br
doc-l10nguide
doc-uneraser-fr
skin-grey-2-iconsets
rhu-excelexplorer
wag-ntlm-sso
images-10mb
doc-jsselect-fr
error-404-multilingual
csh-ua
kb-fileext
de-editaltpage
doc-tscobj-fr
iwi-pear
csh-pt
doc-vmware
csh-ca
csh-vn
doc-tut-quickstart-es
com-ordernumber
html5meta-t3lib-pagerenderer
typoscript2ce
dmc-extender
fl-stopie
doc-pbsurvey-nl
test-wj
t3skin-frohling
doc-macosxclient-fr
tipafriend-easy
sm-charsethelper
tinymce-rte-patch41
t3skin-tangoicons
bn1-piwik
htmlcrop
mathguard
stfl-startendtime
kb-wizard-sortrecs
media-youtube
jj-correct-png
cbox-news-catmenu
webanalytics
fastcache
wt-directmail-ttnews
link-disclaimer
alt-gd-magick
js-news-cooluri
ad-additionalheaderdata
dd-googlesitemap-t3blog
sg-zlib-doc
fs-startupmodule
srgd
dmr-media4shortcut
ttnews-mostpopular-maxage
vhc
cretection-t3skin
bepagination
oraclereports
p2-langfix-42
deprecationloganalyzer
its-rsaajaxlogin-v2
doc-koolsermons-de
tsf
wt-languagehelper
shortcut-redirect
terbingo
eesp-ps
bm-lofuc
bs-fluidmail
tstemplate-bin
dynoz
multishop-custom-invoice-id
cron-subheadereverywhere
dix-improvedbackendsearch
pagel10n
cookieshy
serppreview
sp-newsteaserbox-hookexample
ods-order-recipients
terbingohelper
cs-rte-no-fsbutton
enotepodcast
tcemainhooks
mowespatches
info-subpages
mak-html5-viewhelper
fefunc
